Analysis & Synthesis report for drawbridge
Mon Jul  4 18:31:43 2022
Quartus Prime Version 21.1.0 Build 842 10/21/2021 SJ Lite Edition


---------------------
; Table of Contents ;
---------------------
  1. Legal Notice
  2. Analysis & Synthesis Summary
  3. Analysis & Synthesis Settings
  4. Parallel Compilation
  5. Analysis & Synthesis Source Files Read
  6. Analysis & Synthesis Resource Usage Summary
  7. Analysis & Synthesis Resource Utilization by Entity
  8. State Machine - |drawbridge|EstadoAtual
  9. Registers Removed During Synthesis
 10. General Register Statistics
 11. Multiplexer Restructuring Statistics (Restructuring Performed)
 12. Parameter Settings for User Entity Instance: Top-level Entity: |drawbridge
 13. Post-Synthesis Netlist Statistics for Top Partition
 14. Elapsed Time Per Partition
 15. Analysis & Synthesis Messages



----------------
; Legal Notice ;
----------------
Copyright (C) 2021  Intel Corporation. All rights reserved.
Your use of Intel Corporation's design tools, logic functions 
and other software and tools, and any partner logic 
functions, and any output files from any of the foregoing 
(including device programming or simulation files), and any 
associated documentation or information are expressly subject 
to the terms and conditions of the Intel Program License 
Subscription Agreement, the Intel Quartus Prime License Agreement,
the Intel FPGA IP License Agreement, or other applicable license
agreement, including, without limitation, that your use is for
the sole purpose of programming logic devices manufactured by
Intel and sold by Intel or its authorized distributors.  Please
refer to the applicable agreement for further details, at
https://fpgasoftware.intel.com/eula.



+----------------------------------------------------------------------------------+
; Analysis & Synthesis Summary                                                     ;
+------------------------------------+---------------------------------------------+
; Analysis & Synthesis Status        ; Successful - Mon Jul  4 18:31:43 2022       ;
; Quartus Prime Version              ; 21.1.0 Build 842 10/21/2021 SJ Lite Edition ;
; Revision Name                      ; drawbridge                                  ;
; Top-level Entity Name              ; drawbridge                                  ;
; Family                             ; Cyclone IV E                                ;
; Total logic elements               ; 124                                         ;
;     Total combinational functions  ; 124                                         ;
;     Dedicated logic registers      ; 39                                          ;
; Total registers                    ; 39                                          ;
; Total pins                         ; 13                                          ;
; Total virtual pins                 ; 0                                           ;
; Total memory bits                  ; 0                                           ;
; Embedded Multiplier 9-bit elements ; 0                                           ;
; Total PLLs                         ; 0                                           ;
+------------------------------------+---------------------------------------------+


+------------------------------------------------------------------------------------------------------------+
; Analysis & Synthesis Settings                                                                              ;
+------------------------------------------------------------------+--------------------+--------------------+
; Option                                                           ; Setting            ; Default Value      ;
+------------------------------------------------------------------+--------------------+--------------------+
; Top-level entity name                                            ; drawbridge         ; drawbridge         ;
; Family name                                                      ; Cyclone IV E       ; Cyclone V          ;
; Use smart compilation                                            ; Off                ; Off                ;
; Enable parallel Assembler and Timing Analyzer during compilation ; On                 ; On                 ;
; Enable compact report table                                      ; Off                ; Off                ;
; Restructure Multiplexers                                         ; Auto               ; Auto               ;
; Create Debugging Nodes for IP Cores                              ; Off                ; Off                ;
; Preserve fewer node names                                        ; On                 ; On                 ;
; Intel FPGA IP Evaluation Mode                                    ; Enable             ; Enable             ;
; Verilog Version                                                  ; Verilog_2001       ; Verilog_2001       ;
; VHDL Version                                                     ; VHDL_1993          ; VHDL_1993          ;
; State Machine Processing                                         ; Auto               ; Auto               ;
; Safe State Machine                                               ; Off                ; Off                ;
; Extract Verilog State Machines                                   ; On                 ; On                 ;
; Extract VHDL State Machines                                      ; On                 ; On                 ;
; Ignore Verilog initial constructs                                ; Off                ; Off                ;
; Iteration limit for constant Verilog loops                       ; 5000               ; 5000               ;
; Iteration limit for non-constant Verilog loops                   ; 250                ; 250                ;
; Add Pass-Through Logic to Inferred RAMs                          ; On                 ; On                 ;
; Infer RAMs from Raw Logic                                        ; On                 ; On                 ;
; Parallel Synthesis                                               ; On                 ; On                 ;
; DSP Block Balancing                                              ; Auto               ; Auto               ;
; NOT Gate Push-Back                                               ; On                 ; On                 ;
; Power-Up Don't Care                                              ; On                 ; On                 ;
; Remove Redundant Logic Cells                                     ; Off                ; Off                ;
; Remove Duplicate Registers                                       ; On                 ; On                 ;
; Ignore CARRY Buffers                                             ; Off                ; Off                ;
; Ignore CASCADE Buffers                                           ; Off                ; Off                ;
; Ignore GLOBAL Buffers                                            ; Off                ; Off                ;
; Ignore ROW GLOBAL Buffers                                        ; Off                ; Off                ;
; Ignore LCELL Buffers                                             ; Off                ; Off                ;
; Ignore SOFT Buffers                                              ; On                 ; On                 ;
; Limit AHDL Integers to 32 Bits                                   ; Off                ; Off                ;
; Optimization Technique                                           ; Balanced           ; Balanced           ;
; Carry Chain Length                                               ; 70                 ; 70                 ;
; Auto Carry Chains                                                ; On                 ; On                 ;
; Auto Open-Drain Pins                                             ; On                 ; On                 ;
; Perform WYSIWYG Primitive Resynthesis                            ; Off                ; Off                ;
; Auto ROM Replacement                                             ; On                 ; On                 ;
; Auto RAM Replacement                                             ; On                 ; On                 ;
; Auto DSP Block Replacement                                       ; On                 ; On                 ;
; Auto Shift Register Replacement                                  ; Auto               ; Auto               ;
; Allow Shift Register Merging across Hierarchies                  ; Auto               ; Auto               ;
; Auto Clock Enable Replacement                                    ; On                 ; On                 ;
; Strict RAM Replacement                                           ; Off                ; Off                ;
; Allow Synchronous Control Signals                                ; On                 ; On                 ;
; Force Use of Synchronous Clear Signals                           ; Off                ; Off                ;
; Auto RAM Block Balancing                                         ; On                 ; On                 ;
; Auto RAM to Logic Cell Conversion                                ; Off                ; Off                ;
; Auto Resource Sharing                                            ; Off                ; Off                ;
; Allow Any RAM Size For Recognition                               ; Off                ; Off                ;
; Allow Any ROM Size For Recognition                               ; Off                ; Off                ;
; Allow Any Shift Register Size For Recognition                    ; Off                ; Off                ;
; Use LogicLock Constraints during Resource Balancing              ; On                 ; On                 ;
; Ignore translate_off and synthesis_off directives                ; Off                ; Off                ;
; Timing-Driven Synthesis                                          ; On                 ; On                 ;
; Report Parameter Settings                                        ; On                 ; On                 ;
; Report Source Assignments                                        ; On                 ; On                 ;
; Report Connectivity Checks                                       ; On                 ; On                 ;
; Ignore Maximum Fan-Out Assignments                               ; Off                ; Off                ;
; Synchronization Register Chain Length                            ; 2                  ; 2                  ;
; Power Optimization During Synthesis                              ; Normal compilation ; Normal compilation ;
; HDL message level                                                ; Level2             ; Level2             ;
; Suppress Register Optimization Related Messages                  ; Off                ; Off                ;
; Number of Removed Registers Reported in Synthesis Report         ; 5000               ; 5000               ;
; Number of Swept Nodes Reported in Synthesis Report               ; 5000               ; 5000               ;
; Number of Inverted Registers Reported in Synthesis Report        ; 100                ; 100                ;
; Clock MUX Protection                                             ; On                 ; On                 ;
; Auto Gated Clock Conversion                                      ; Off                ; Off                ;
; Block Design Naming                                              ; Auto               ; Auto               ;
; SDC constraint protection                                        ; Off                ; Off                ;
; Synthesis Effort                                                 ; Auto               ; Auto               ;
; Shift Register Replacement - Allow Asynchronous Clear Signal     ; On                 ; On                 ;
; Pre-Mapping Resynthesis Optimization                             ; Off                ; Off                ;
; Analysis & Synthesis Message Level                               ; Medium             ; Medium             ;
; Disable Register Merging Across Hierarchies                      ; Auto               ; Auto               ;
; Resource Aware Inference For Block RAM                           ; On                 ; On                 ;
+------------------------------------------------------------------+--------------------+--------------------+


+------------------------------------------+
; Parallel Compilation                     ;
+----------------------------+-------------+
; Processors                 ; Number      ;
+----------------------------+-------------+
; Number detected on machine ; 8           ;
; Maximum allowed            ; 4           ;
;                            ;             ;
; Average used               ; 1.00        ;
; Maximum used               ; 4           ;
;                            ;             ;
; Usage by Processor         ; % Time Used ;
;     Processor 1            ; 100.0%      ;
;     Processors 2-4         ;   0.0%      ;
+----------------------------+-------------+


+--------------------------------------------------------------------------------------------------------------------------------------------------------+
; Analysis & Synthesis Source Files Read                                                                                                                 ;
+----------------------------------+-----------------+------------------------------+----------------------------------------------------------+---------+
; File Name with User-Entered Path ; Used in Netlist ; File Type                    ; File Name with Absolute Path                             ; Library ;
+----------------------------------+-----------------+------------------------------+----------------------------------------------------------+---------+
; drawbridge.v                     ; yes             ; Auto-Found Verilog HDL File  ; C:/Users/gabir/Desktop/Faculdade/drawbridge/drawbridge.v ;         ;
; counttrue.v                      ; yes             ; Auto-Found Verilog HDL File  ; C:/Users/gabir/Desktop/Faculdade/drawbridge/counttrue.v  ;         ;
+----------------------------------+-----------------+------------------------------+----------------------------------------------------------+---------+


+-----------------------------------------------------------+
; Analysis & Synthesis Resource Usage Summary               ;
+---------------------------------------------+-------------+
; Resource                                    ; Usage       ;
+---------------------------------------------+-------------+
; Estimated Total logic elements              ; 124         ;
;                                             ;             ;
; Total combinational functions               ; 124         ;
; Logic element usage by number of LUT inputs ;             ;
;     -- 4 input functions                    ; 44          ;
;     -- 3 input functions                    ; 44          ;
;     -- <=2 input functions                  ; 36          ;
;                                             ;             ;
; Logic elements by mode                      ;             ;
;     -- normal mode                          ; 62          ;
;     -- arithmetic mode                      ; 62          ;
;                                             ;             ;
; Total registers                             ; 39          ;
;     -- Dedicated logic registers            ; 39          ;
;     -- I/O registers                        ; 0           ;
;                                             ;             ;
; I/O pins                                    ; 13          ;
;                                             ;             ;
; Embedded Multiplier 9-bit elements          ; 0           ;
;                                             ;             ;
; Maximum fan-out node                        ; i_clk~input ;
; Maximum fan-out                             ; 39          ;
; Total fan-out                               ; 509         ;
; Average fan-out                             ; 2.69        ;
+---------------------------------------------+-------------+


+---------------------------------------------------------------------------------------------------------------------------------------------------------------------------------------------------------------+
; Analysis & Synthesis Resource Utilization by Entity                                                                                                                                                           ;
+----------------------------+---------------------+---------------------------+-------------+--------------+---------+-----------+------+--------------+--------------------------+-------------+--------------+
; Compilation Hierarchy Node ; Combinational ALUTs ; Dedicated Logic Registers ; Memory Bits ; DSP Elements ; DSP 9x9 ; DSP 18x18 ; Pins ; Virtual Pins ; Full Hierarchy Name      ; Entity Name ; Library Name ;
+----------------------------+---------------------+---------------------------+-------------+--------------+---------+-----------+------+--------------+--------------------------+-------------+--------------+
; |drawbridge                ; 124 (38)            ; 39 (7)                    ; 0           ; 0            ; 0       ; 0         ; 13   ; 0            ; |drawbridge              ; drawbridge  ; work         ;
;    |countTrue:ct|          ; 86 (86)             ; 32 (32)                   ; 0           ; 0            ; 0       ; 0         ; 0    ; 0            ; |drawbridge|countTrue:ct ; countTrue   ; work         ;
+----------------------------+---------------------+---------------------------+-------------+--------------+---------+-----------+------+--------------+--------------------------+-------------+--------------+
Note: For table entries with two numbers listed, the numbers in parentheses indicate the number of resources of the given type used by the specific entity alone. The numbers listed outside of parentheses indicate the total resources of the given type used by the specific entity and all of its sub-entities in the hierarchy.


Encoding Type:  One-Hot
+--------------------------------------------------------------------------------------------------------------------------------------------------------------------------------------+
; State Machine - |drawbridge|EstadoAtual                                                                                                                                              ;
+--------------------------+-------------------+---------------------+--------------------+-------------------------+--------------------+------------------+--------------------------+
; Name                     ; EstadoAtual.Alert ; EstadoAtual.Boat_ch ; EstadoAtual.Boat_h ; EstadoAtual.Boat_c_Cars ; EstadoAtual.Boat_c ; EstadoAtual.Cars ; EstadoAtual.Empty_Bridge ;
+--------------------------+-------------------+---------------------+--------------------+-------------------------+--------------------+------------------+--------------------------+
; EstadoAtual.Empty_Bridge ; 0                 ; 0                   ; 0                  ; 0                       ; 0                  ; 0                ; 0                        ;
; EstadoAtual.Cars         ; 0                 ; 0                   ; 0                  ; 0                       ; 0                  ; 1                ; 1                        ;
; EstadoAtual.Boat_c       ; 0                 ; 0                   ; 0                  ; 0                       ; 1                  ; 0                ; 1                        ;
; EstadoAtual.Boat_c_Cars  ; 0                 ; 0                   ; 0                  ; 1                       ; 0                  ; 0                ; 1                        ;
; EstadoAtual.Boat_h       ; 0                 ; 0                   ; 1                  ; 0                       ; 0                  ; 0                ; 1                        ;
; EstadoAtual.Boat_ch      ; 0                 ; 1                   ; 0                  ; 0                       ; 0                  ; 0                ; 1                        ;
; EstadoAtual.Alert        ; 1                 ; 0                   ; 0                  ; 0                       ; 0                  ; 0                ; 1                        ;
+--------------------------+-------------------+---------------------+--------------------+-------------------------+--------------------+------------------+--------------------------+


+------------------------------------------------------------+
; Registers Removed During Synthesis                         ;
+---------------------------------------+--------------------+
; Register name                         ; Reason for Removal ;
+---------------------------------------+--------------------+
; EstadoAtual~2                         ; Lost fanout        ;
; EstadoAtual~3                         ; Lost fanout        ;
; EstadoAtual~4                         ; Lost fanout        ;
; Total Number of Removed Registers = 3 ;                    ;
+---------------------------------------+--------------------+


+------------------------------------------------------+
; General Register Statistics                          ;
+----------------------------------------------+-------+
; Statistic                                    ; Value ;
+----------------------------------------------+-------+
; Total registers                              ; 39    ;
; Number of registers using Synchronous Clear  ; 32    ;
; Number of registers using Synchronous Load   ; 0     ;
; Number of registers using Asynchronous Clear ; 0     ;
; Number of registers using Asynchronous Load  ; 0     ;
; Number of registers using Clock Enable       ; 0     ;
; Number of registers using Preset             ; 0     ;
+----------------------------------------------+-------+


+--------------------------------------------------------------------------------------------------------------------------------------------------+
; Multiplexer Restructuring Statistics (Restructuring Performed)                                                                                   ;
+--------------------+-----------+---------------+----------------------+------------------------+------------+------------------------------------+
; Multiplexer Inputs ; Bus Width ; Baseline Area ; Area if Restructured ; Saving if Restructured ; Registered ; Example Multiplexer Output         ;
+--------------------+-----------+---------------+----------------------+------------------------+------------+------------------------------------+
; 3:1                ; 32 bits   ; 64 LEs        ; 64 LEs               ; 0 LEs                  ; Yes        ; |drawbridge|countTrue:ct|count[29] ;
+--------------------+-----------+---------------+----------------------+------------------------+------------+------------------------------------+


+----------------------------------------------------------------------------+
; Parameter Settings for User Entity Instance: Top-level Entity: |drawbridge ;
+----------------+-------+---------------------------------------------------+
; Parameter Name ; Value ; Type                                              ;
+----------------+-------+---------------------------------------------------+
; Empty_Bridge   ; 000   ; Unsigned Binary                                   ;
; Cars           ; 001   ; Unsigned Binary                                   ;
; Boat_c         ; 010   ; Unsigned Binary                                   ;
; Boat_c_Cars    ; 011   ; Unsigned Binary                                   ;
; Boat_h         ; 100   ; Unsigned Binary                                   ;
; Boat_ch        ; 110   ; Unsigned Binary                                   ;
; Alert          ; 111   ; Unsigned Binary                                   ;
; off            ; 0     ; Unsigned Binary                                   ;
; on             ; 1     ; Unsigned Binary                                   ;
+----------------+-------+---------------------------------------------------+
Note: In order to hide this table in the UI and the text report file, please set the "Show Parameter Settings in Synthesis Report" option in "Analysis and Synthesis Settings -> More Settings" to "Off".


+-----------------------------------------------------+
; Post-Synthesis Netlist Statistics for Top Partition ;
+-----------------------+-----------------------------+
; Type                  ; Count                       ;
+-----------------------+-----------------------------+
; boundary_port         ; 13                          ;
; cycloneiii_ff         ; 39                          ;
;     SCLR              ; 32                          ;
;     plain             ; 7                           ;
; cycloneiii_lcell_comb ; 125                         ;
;     arith             ; 62                          ;
;         2 data inputs ; 30                          ;
;         3 data inputs ; 32                          ;
;     normal            ; 63                          ;
;         1 data inputs ; 2                           ;
;         2 data inputs ; 5                           ;
;         3 data inputs ; 12                          ;
;         4 data inputs ; 44                          ;
;                       ;                             ;
; Max LUT depth         ; 11.60                       ;
; Average LUT depth     ; 9.25                        ;
+-----------------------+-----------------------------+


+-------------------------------+
; Elapsed Time Per Partition    ;
+----------------+--------------+
; Partition Name ; Elapsed Time ;
+----------------+--------------+
; Top            ; 00:00:00     ;
+----------------+--------------+


+-------------------------------+
; Analysis & Synthesis Messages ;
+-------------------------------+
Info: *******************************************************************
Info: Running Quartus Prime Analysis & Synthesis
    Info: Version 21.1.0 Build 842 10/21/2021 SJ Lite Edition
    Info: Processing started: Mon Jul  4 18:31:36 2022
Info: Command: quartus_map --read_settings_files=on --write_settings_files=off drawbridge -c drawbridge
Warning (18236): Number of processors has not been specified which may cause overloading on shared machines.  Set the global assignment NUM_PARALLEL_PROCESSORS in your QSF to an appropriate value for best performance.
Info (20030): Parallel compilation is enabled and will use 4 of the 4 processors detected
Warning (12125): Using design file drawbridge.v, which is not specified as a design file for the current project, but contains definitions for 1 design units and 1 entities in project
    Info (12023): Found entity 1: drawbridge File: C:/Users/gabir/Desktop/Faculdade/drawbridge/drawbridge.v Line: 28
Warning (10227): Verilog HDL Port Declaration warning at drawbridge.v(34): data type declaration for "machine_state" declares packed dimensions but the port declaration declaration does not File: C:/Users/gabir/Desktop/Faculdade/drawbridge/drawbridge.v Line: 34
Info (10499): HDL info at drawbridge.v(31): see declaration for object "machine_state" File: C:/Users/gabir/Desktop/Faculdade/drawbridge/drawbridge.v Line: 31
Info (12127): Elaborating entity "drawbridge" for the top level hierarchy
Warning (10270): Verilog HDL Case Statement warning at drawbridge.v(228): incomplete case statement has no default case item File: C:/Users/gabir/Desktop/Faculdade/drawbridge/drawbridge.v Line: 228
Warning (12125): Using design file counttrue.v, which is not specified as a design file for the current project, but contains definitions for 1 design units and 1 entities in project
    Info (12023): Found entity 1: countTrue File: C:/Users/gabir/Desktop/Faculdade/drawbridge/counttrue.v Line: 1
Info (12128): Elaborating entity "countTrue" for hierarchy "countTrue:ct" File: C:/Users/gabir/Desktop/Faculdade/drawbridge/drawbridge.v Line: 37
Warning (10230): Verilog HDL assignment warning at counttrue.v(23): truncated value with size 32 to match size of target (1) File: C:/Users/gabir/Desktop/Faculdade/drawbridge/counttrue.v Line: 23
Info (286030): Timing-Driven Synthesis is running
Info (17049): 3 registers lost all their fanouts during netlist optimizations.
Info (16010): Generating hard_block partition "hard_block:auto_generated_inst"
    Info (16011): Adding 0 node(s), including 0 DDIO, 0 PLL, 0 transceiver and 0 LCELL
Info (21057): Implemented 138 device resources after synthesis - the final resource count might be different
    Info (21058): Implemented 6 input pins
    Info (21059): Implemented 7 output pins
    Info (21061): Implemented 125 logic cells
Info: Quartus Prime Analysis & Synthesis was successful. 0 errors, 6 warnings
    Info: Peak virtual memory: 4777 megabytes
    Info: Processing ended: Mon Jul  4 18:31:43 2022
    Info: Elapsed time: 00:00:07
    Info: Total CPU time (on all processors): 00:00:17


